<?xml version="1.0" encoding="UTF-8"?>
<testng-results ignored="0" total="2" passed="2" failed="0" skipped="0">
  <reporter-output>
  </reporter-output>
  <suite started-at="2021-03-10T16:31:13 IST" name="Default suite" finished-at="2021-03-10T16:33:01 IST" duration-ms="108183">
    <groups>
    </groups>
    <test started-at="2021-03-10T16:31:13 IST" name="Default test" finished-at="2021-03-10T16:33:01 IST" duration-ms="108183">
      <class name="com.dataDriven.testcases.Signin">
        <test-method signature="getdata()[pri:1, instance:com.dataDriven.testcases.Signin@3899782c]" started-at="2021-03-10T16:31:13 IST" name="getdata" finished-at="2021-03-10T16:31:13 IST" duration-ms="19" status="PASS">
          <reporter-output>
          </reporter-output>
        </test-method> <!-- getdata -->
        <test-method signature="signin()[pri:2, instance:com.dataDriven.testcases.Signin@3899782c]" started-at="2021-03-10T16:31:13 IST" name="signin" finished-at="2021-03-10T16:33:01 IST" duration-ms="108122" status="PASS">
          <reporter-output>
          </reporter-output>
        </test-method> <!-- signin -->
      </class> <!-- com.dataDriven.testcases.Signin -->
    </test> <!-- Default test -->
  </suite> <!-- Default suite -->
</testng-results>
